<?xml version="1.0" encoding="utf-8"?><testsuites><testsuite name="pytest" errors="0" failures="3" skipped="8" tests="1114" time="46.035" timestamp="2026-02-24T14:12:03.350075" hostname="Mac-Studio.local"><properties>
[...]
</properties><testcase classname="test_make_tracker_yaml" name="test_make_tracker_yaml" time="0.002" /><testcase classname="tests.test_agents_claude_variants" name="test_claude_zai_injects_p_flag" time="0.000" /><testcase classname="tests.test_agents_claude_variants" name="test_claude_kimi_injects_p_flag" time="0.000" /><testcase classname="tests.test_agents_generic_stdin" name="test_generic_agent_uses_stdin_when_dash_present" time="0.000" /><testcase classname="tests.test_all_blocked" name="test_all_blocked_when_all_blocked" time="0.001" /><testcase classname="tests.test_all_blocked" name="test_all_blocked_when_mixed" time="0.000" /><testcase classname="tests.test_all_blocked" name="test_all_blocked_when_all_done" time="0.000" /><testcase classname="tests.test_all_blocked" name="test_all_blocked_empty_prd" time="0.000" /><testcase classname="tests.test_all_blocked" name="test_yaml_tracker_all_blocked" time="0.001" /><testcase classname="tests.test_all_blocked" name="test_yaml_tracker_all_blocked_mixed" time="0.001" /><testcase classname="tests.test_all_blocked" name="test_yaml_tracker_all_blocked_when_all_done" time="0.001" /><testcase classname="tests.test_all_blocked" name="test_file_tracker_all_blocked" time="0.000" /><testcase classname="tests.test_all_blocked" name="test_file_tracker_all_blocked_json" time="0.000" /><testcase classname="tests.test_all_blocked" name="test_empty_md_prd_not_done" time="0.000" /><testcase classname="tests.test_all_blocked" name="test_empty_json_prd_not_done" time="0.000" /><testcase classname="tests.test_all_blocked" name="test_empty_yaml_prd_not_done" time="0.001" /><testcase classname="tests.test_all_blocked" name="test_empty_prd_consistency" time="0.001" /><testcase classname="tests.test_authorization.TestFilePermission" name="test_file_permission_creation" time="0.000" /><testcase classname="tests.test_authorization.TestFilePermission" name="test_file_permission_defaults" time="0.000" /><testcase classname="tests.test_authorization.TestAuthorizationChecker" name="test_authorization_config_defaults" time="0.000" /><testcase classname="tests.test_authorization.TestAuthorizationChecker" name="test_authorization_config_with_permissions" time="0.000" /><testcase classname="tests.test_authorization.TestAuthorizationChecker" name="test_check_write_permission_disabled" time="0.000" /><testcase classname="tests.test_authorization.TestAuthorizationChecker" name="test_check_write_permission_fallback" time="0.000" /><testcase classname="tests.test_authorization.TestAuthorizationChecker" name="test_check_write_permission_allowed_pattern" time="0.000" /><testcase classname="tests.test_authorization.TestAuthorizationChecker" name="test_check_write_permission_denied_pattern" time="0.000" /><testcase classname="tests.test_authorization.TestAuthorizationChecker" name="test_check_write_permission_no_match" time="0.000" /><testcase classname="tests.test_authorization.TestLoadAuthorizationChecker" name="test_load_nonexistent_file" time="0.003" /><testcase classname="tests.test_authorization.TestLoadAuthorizationChecker" name="test_load_valid_json" time="0.000" /><testcase classname="tests.test_authorization.TestLoadAuthorizationChecker" name="test_load_invalid_json" time="0.000" /><testcase classname="tests.test_authorization.TestLoadAuthorizationChecker" name="test_load_partial_config" time="0.000" /><testcase classname="tests.test_authorization.TestIntegration" name="test_full_flow" time="0.001" /><testcase classname="tests.test_authorization.TestEnforcementMode" name="test_enforcement_mode_values" time="0.000" /><testcase classname="tests.test_authorization.TestEnforcementMode" name="test_enforcement_mode_from_string" time="0.000" /><testcase classname="tests.test_authorization.TestEnforcementMode" name="test_enforcement_mode_invalid_string" time="0.000" /><testcase classname="tests.test_authorization.TestAuthorizationError" name="test_authorization_error_creation" time="0.000" /><testcase classname="tests.test_authorization.TestAuthorizationError" name="test_authorization_error_message" time="0.000" /><testcase classname="tests.test_authorization.TestAuthorizationCheckerEnforcementModes" name="test_warn_mode_denied_write_returns_false" time="0.000" /><testcase classname="tests.test_authorization.TestAuthorizationCheckerEnforcementModes" name="test_block_mode_denied_write_raises_exception" time="0.000" /><testcase classname="tests.test_authorization.TestAuthorizationCheckerEnforcementModes" name="test_block_mode_with_raise_on_block_false" time="0.000" /><testcase classname="tests.test_authorization.TestAuthorizationCheckerEnforcementModes" name="test_warn_mode_allowed_write" time="0.000" /><testcase classname="tests.test_authorization.TestAuthorizationCheckerEnforcementModes" name="test_block_mode_allowed_write" time="0.000" /><testcase classname="tests.test_authorization.TestAuthorizationCheckerEnforcementModes" name="test_warn_mode_default" time="0.000" /><testcase classname="tests.test_authorization.TestLoadAuthorizationCheckerWithEnforcementMode" name="test_load_with_enforcement_mode_warn" time="0.000" /><testcase classname="tests.test_authorization.TestLoadAuthorizationCheckerWithEnforcementMode" name="test_load_with_enforcement_mode_block" time="0.000" /><testcase classname="tests.test_authorization.TestLoadAuthorizationCheckerWithEnforcementMode" name="test_load_with_invalid_enforcement_mode_defaults_to_warn" time="0.000" /><testcase classname="tests.test_authorization.TestLoadAuthorizationCheckerWithEnforcementMode" name="test_load_without_enforcement_mode_uses_default" time="0.000" /><testcase classname="tests.test_authorization.TestLoadAuthorizationCheckerWithEnforcementMode" name="test_load_nonexistent_file_uses_default_enforcement_mode" time="0.000" /><testcase classname="tests.test_authorization.TestLoadAuthorizationCheckerWithEnforcementMode" name="test_integration_block_mode_blocks_denied_writes" time="0.001" /><testcase classname="tests.test_authorization.TestLoadAuthorizationCheckerWithEnforcementMode" name="test_integration_warn_mode_logs_denied_writes" time="0.000" /><testcase classname="tests.test_clean" name="test_format_bytes" time="0.000" /><testcase classname="tests.test_clean" name="test_clean_logs_no_directory" time="0.000" /><testcase classname="tests.test_clean" name="test_clean_logs_removes_old_files" time="0.001" /><testcase classname="tests.test_clean" name="test_clean_logs_dry_run" time="0.000" /><testcase classname="tests.test_clean" name="test_clean_archives_removes_old_directories" time="0.001" /><testcase classname="tests.test_clean" name="test_clean_receipts_removes_old_files" time="0.001" /><testcase classname="tests.test_clean" name="test_clean_context_removes_old_files" time="0.001" /><testcase classname="tests.test_clean" name="test_clean_all_comprehensive" time="0.001" /><testcase classname="tests.test_clean" name="test_clean_all_dry_run" time="0.001" /><testcase classname="tests.test_cli_diagnose" name="test_diagnose_command_exists" time="0.080" /><testcase classname="tests.test_cli_diagnose" name="test_diagnose_command_help" time="0.076" /><testcase classname="tests.test_cli_diagnose" name="test_diagnose_command_runs" time="0.091" /><testcase classname="tests.test_cli_diagnose" name="test_diagnose_with_test_gates_flag" time="0.094" /><testcase classname="tests.test_cli_diagnose" name="test_diagnose_detects_missing_config" time="0.088" /><testcase classname="tests.test_cli_harness" name="test_harness_command_exists" time="0.077" /><testcase classname="tests.test_cli_harness" name="test_harness_collect_run_report_flow" time="0.265" /><testcase classname="tests.test_cli_harness" name="test_harness_run_live_mode_stops_on_target_error" time="0.002" /><testcase classname="tests.test_cli_harness" name="test_harness_pin_command_creates_pinned_dataset" time="0.001" /><testcase classname="tests.test_cli_harness" name="test_harness_ci_baseline_missing_fails_when_required" time="0.001" /><testcase classname="tests.test_cli_interactive" name="test_interactive_flag_in_help" time="0.003" /><testcase classname="tests.test_cli_interactive" name="test_interactive_mode_calls_selector" time="0.112" /><testcase classname="tests.test_cli_interactive" name="test_non_interactive_mode_skips_selector" time="0.194" /><testcase classname="tests.test_cli_mode" name="test_step_mode_overrides_loop_config" time="0.001" /><testcase classname="tests.test_cli_mode" name="test_run_mode_overrides_loop_config" time="0.001" /><testcase classname="tests.test_cli_mode" name="test_invalid_mode_rejected" time="0.002" /><testcase classname="tests.test_cli_mode" name="test_step_targeting_flags_parse" time="0.002" /><testcase classname="tests.test_cli_mode" name="test_harness_live_flags_parse" time="0.002" /><testcase classname="tests.test_cli_stats" name="test_stats_command_exists" time="0.076" /><testcase classname="tests.test_cli_stats" name="test_stats_command_help" time="0.078" /><testcase classname="tests.test_cli_stats" name="test_stats_command_no_state" time="0.090" /><testcase classname="tests.test_cli_stats" name="test_stats_command_with_state" time="0.093" /><testcase classname="tests.test_cli_stats" name="test_stats_command_by_task" time="0.088" /><testcase classname="tests.test_cli_stats" name="test_stats_command_export" time="0.087" /><testcase classname="tests.test_cli_status" name="test_status_command_without_state_does_not_crash" time="0.092" /><testcase classname="tests.test_cli_status" name="test_status_command_with_state_shows_detailed_metrics" time="0.089" /><testcase classname="tests.test_cli_templates" name="test_task_templates_command" time="0.004" /><testcase classname="tests.test_cli_templates" name="test_task_add_command_json" time="0.003" /><testcase classname="tests.test_cli_templates" name="test_task_add_command_markdown" time="0.004" /><testcase classname="tests.test_cli_templates" name="test_task_add_command_invalid_template" time="0.003" /><testcase classname="tests.test_cli_templates" name="test_task_add_command_with_custom_template" time="0.003" /><testcase classname="tests.test_cli_templates" name="test_task_add_command_missing_title" time="0.003" /><testcase classname="tests.test_cli_watch" name="test_watch_command_exists" time="0.078" /><testcase classname="tests.test_cli_watch" name="test_watch_command_help" time="0.088" /><testcase classname="tests.test_cli_watch" name="test_watch_command_requires_enabled_config" time="0.088" /><testcase classname="tests.test_completion" name="test_generate_bash_completion_returns_string" time="0.000" /><testcase classname="tests.test_completion" name="test_generate_bash_completion_contains_function" time="0.000" /><testcase classname="tests.test_completion" name="test_generate_bash_completion_contains_commands" time="0.000" /><testcase classname="tests.test_completion" name="test_generate_bash_completion_contains_global_flags" time="0.000" /><testcase classname="tests.test_completion" name="test_generate_bash_completion_contains_command_specific_flags" time="0.000" /><testcase classname="tests.test_completion" name="test_generate_bash_completion_contains_agent_names" time="0.000" /><testcase classname="tests.test_completion" name="test_generate_bash_completion_contains_format_values" time="0.000" /><testcase classname="tests.test_completion" name="test_generate_bash_completion_contains_tracker_formats" time="0.000" /><testcase classname="tests.test_completion" name="test_generate_bash_completion_syntax_valid" time="0.006" /><testcase classname="tests.test_completion" name="test_generate_zsh_completion_returns_string" time="0.000" /><testcase classname="tests.test_completion" name="test_generate_zsh_completion_contains_compdef" time="0.000" /><testcase classname="tests.test_completion" name="test_generate_zsh_completion_contains_function" time="0.000" /><testcase classname="tests.test_completion" name="test_generate_zsh_completion_contains_commands" time="0.000" /><testcase classname="tests.test_completion" name="test_generate_zsh_completion_contains_command_descriptions" time="0.000" /><testcase classname="tests.test_completion" name="test_generate_zsh_completion_contains_global_flags" time="0.000" /><testcase classname="tests.test_completion" name="test_generate_zsh_completion_contains_command_specific_flags" time="0.000" /><testcase classname="tests.test_completion" name="test_generate_zsh_completion_contains_helper_functions" time="0.000" /><testcase classname="tests.test_completion" name="test_generate_zsh_completion_syntax_valid" time="0.009" /><testcase classname="tests.test_completion" name="test_get_dynamic_completions_agents" time="0.001" /><testcase classname="tests.test_completion" name="test_get_dynamic_completions_agents_with_partial" time="0.000" /><testcase classname="tests.test_completion" name="test_get_dynamic_completions_agents_with_custom_runners" time="0.000" /><testcase classname="tests.test_completion" name="test_get_dynamic_completions_formats" time="0.000" /><testcase classname="tests.test_completion" name="test_get_dynamic_completions_tracker_formats" time="0.000" /><testcase classname="tests.test_completion" name="test_get_dynamic_completions_templates_fallback" time="0.000" /><testcase classname="tests.test_completion" name="test_get_dynamic_completions_templates_with_custom" time="0.001" /><testcase classname="tests.test_completion" name="test_get_dynamic_completions_snapshots_empty" time="0.000" /><testcase classname="tests.test_completion" name="test_get_dynamic_completions_unknown_type" time="0.000" /><testcase classname="tests.test_completion" name="test_get_dynamic_completions_sorted" time="0.000" /><testcase classname="tests.test_completion" name="test_bash_completion_handles_special_characters" time="0.000" /><testcase classname="tests.test_completion" name="test_zsh_completion_handles_special_characters" time="0.000" /><testcase classname="tests.test_completion" name="test_bash_completion_contains_subcommands" time="0.000" /><testcase classname="tests.test_completion" name="test_zsh_completion_contains_subcommands" time="0.000" /><testcase classname="tests.test_completion" name="test_bash_completion_file_completion" time="0.000" /><testcase classname="tests.test_completion" name="test_zsh_completion_file_completion" time="0.000" /><testcase classname="tests.test_completion" name="test_get_dynamic_completions_handles_load_errors" time="0.001" /><testcase classname="tests.test_completion" name="test_bash_completion_installation_instructions" time="0.000" /><testcase classname="tests.test_completion" name="test_zsh_completion_installation_instructions" time="0.000" /><testcase classname="tests.test_completion" name="test_bash_completion_dynamic_snapshot_completion" time="0.000" /><testcase classname="tests.test_completion" name="test_zsh_completion_dynamic_template_completion" time="0.000" /><testcase classname="tests.test_completion" name="test_get_dynamic_completions_empty_partial" time="0.000" /><testcase classname="tests.test_completion" name="test_get_dynamic_completions_no_match" time="0.000" /><testcase classname="tests.test_completion" name="test_property_34_bash_completion_script_validity" time="0.539" /><testcase classname="tests.test_completion" name="test_property_34_zsh_completion_script_validity" time="1.069" /><testcase classname="tests.test_completion" name="test_property_35_dynamic_completion_accuracy_agents" time="0.086" /><testcase classname="tests.test_completion" name="test_property_35_dynamic_completion_accuracy_partial_match" time="0.044" /><testcase classname="tests.test_completion" name="test_property_35_dynamic_completion_accuracy_formats" time="0.032" /><testcase classname="tests.test_completion" name="test_property_35_dynamic_completion_accuracy_templates" time="0.148" /><testcase classname="tests.test_completion" name="test_property_34_completion_script_structure" time="0.001" /><testcase classname="tests.test_completion" name="test_property_35_dynamic_completion_empty_on_error" time="0.004" /><testcase classname="tests.test_config_integration" name="test_config_backward_compatibility" time="0.001" /><testcase classname="tests.test_config_integration" name="test_config_with_github_tracker" time="0.001" /><testcase classname="tests.test_config_loop_modes" name="test_loop_mode_defaults_when_absent" time="0.001" /><testcase classname="tests.test_config_loop_modes" name="test_loop_mode_parsing_with_partial_override" time="0.001" /><testcase classname="tests.test_config_loop_modes" name="test_loop_mode_unknown_name_errors" time="0.001" /><testcase classname="tests.test_config_loop_modes" name="test_loop_modes_unknown_section_errors" time="0.001" /><testcase classname="tests.test_config_merge.TestMergeConfig" name="test_merge_config_defaults" time="0.000" /><testcase classname="tests.test_config_merge.TestMergeConfig" name="test_merge_config_custom" time="0.000" /><testcase classname="tests.test_config_merge.TestExtractSectionLines" name="test_extract_existing_section" time="0.000" /><testcase classname="tests.test_config_merge.TestExtractSectionLines" name="test_extract_nonexistent_section" time="0.000" /><testcase classname="tests.test_config_merge.TestExtractSectionLines" name="test_extract_last_section" time="0.000" /><testcase classname="tests.test_config_merge.TestExtractNestedSection" name="test_extract_existing_nested" time="0.000" /><testcase classname="tests.test_config_merge.TestExtractNestedSection" name="test_extract_nonexistent_nested" time="0.000" /><testcase classname="tests.test_config_merge.TestExtractNestedSection" name="test_extract_nonexistent_parent" time="0.000" /><testcase classname="tests.test_config_merge.TestExtractNestedSection" name="test_extract_dotted_section_format" time="0.000" /><testcase classname="tests.test_config_merge.TestMergeConfigsText" name="test_merge_preserves_top_level_section" time="0.000" /><testcase classname="tests.test_config_merge.TestMergeConfigsText" name="test_merge_preserves_nested_section" time="0.000" /><testcase classname="tests.test_config_merge.TestMergeConfigsText" name="test_merge_adds_missing_section" time="0.000" /><testcase classname="tests.test_config_merge.TestMergeConfigsText" name="test_merge_no_preserve" time="0.000" /><testcase classname="tests.test_config_merge.TestMergeConfigsText" name="test_merge_empty_user_config" time="0.000" /><testcase classname="tests.test_config_merge.TestMergeConfigsText" name="test_merge_sections_user_wins" time="0.000" /><testcase classname="tests.test_config_merge.TestMergeConfigsText" name="test_merge_dotted_section_format" time="0.000" /><testcase classname="tests.test_config_merge.TestMergeExistingConfig" name="test_merge_existing_config_basic" time="0.003" /><testcase classname="tests.test_config_merge.TestMergeExistingConfig" name="test_merge_existing_config_preserves" time="0.001" /><testcase classname="tests.test_config_merge.TestMergeExistingConfig" name="test_merge_existing_config_no_user_config" time="0.001" /><testcase classname="tests.test_config_merge.TestMergeExistingConfig" name="test_merge_existing_config_template_not_found" time="0.001" /><testcase classname="tests.test_config_phase2" name="test_diagnostics_config_defaults" time="0.001" /><testcase classname="tests.test_config_phase2" name="test_diagnostics_config_custom" time="0.001" /><testcase classname="tests.test_config_phase2" name="test_stats_config_defaults" time="0.001" /><testcase classname="tests.test_config_phase2" name="test_stats_config_custom" time="0.001" /><testcase classname="tests.test_config_phase2" name="test_watch_config_defaults" time="0.001" /><testcase classname="tests.test_config_phase2" name="test_watch_config_custom" time="0.001" /><testcase classname="tests.test_config_phase2" name="test_watch_config_empty_patterns" time="0.001" /><testcase classname="tests.test_config_phase2" name="test_progress_config_defaults" time="0.001" /><testcase classname="tests.test_config_phase2" name="test_progress_config_custom" time="0.001" /><testcase classname="tests.test_config_phase2" name="test_templates_config_defaults" time="0.001" /><testcase classname="tests.test_config_phase2" name="test_templates_config_custom" time="0.001" /><testcase classname="tests.test_config_phase2" name="test_templates_config_empty_builtin" time="0.001" /><testcase classname="tests.test_config_phase2" name="test_output_config_defaults" time="0.001" /><testcase classname="tests.test_config_phase2" name="test_output_config_quiet" time="0.001" /><testcase classname="tests.test_config_phase2" name="test_output_config_verbose" time="0.001" /><testcase classname="tests.test_config_phase2" name="test_output_config_invalid_verbosity" time="0.001" /><testcase classname="tests.test_config_phase2" name="test_output_config_invalid_format" time="0.001" /><testcase classname="tests.test_config_phase2" name="test_all_phase2_configs_together" time="0.001" /><testcase classname="tests.test_config_phase2" name="test_phase2_configs_with_phase1_configs" time="0.001" /><testcase classname="tests.test_config_phase2" name="test_config_dataclass_immutability" time="0.000" /><testcase classname="tests.test_config_phase2" name="test_backward_compatibility_no_phase2_sections" time="0.001" /><testcase classname="tests.test_config_phase2" name="test_config_type_coercion" time="0.001" /><testcase classname="tests.test_config_phase2" name="test_empty_config_sections" time="0.001" /><testcase classname="tests.test_config_prompt_defaults.TestPromptConfigDefaults" name="test_prompt_config_new_defaults" time="0.000" /><testcase classname="tests.test_config_prompt_defaults.TestPromptConfigDefaults" name="test_prompt_config_custom_overrides" time="0.000" /><testcase classname="tests.test_config_prompt_defaults.TestPromptConfigDefaults" name="test_prompt_config_immutable" time="0.000" /><testcase classname="tests.test_config_prompt_defaults.TestLoadConfigWithDefaults" name="test_load_config_default_prompt_limits" time="0.001" /><testcase classname="tests.test_config_prompt_defaults.TestLoadConfigWithDefaults" name="test_load_config_with_custom_prompt_limits" time="0.001" /><testcase classname="tests.test_config_prompt_defaults.TestLoadConfigWithDefaults" name="test_load_config_partial_prompt_override" time="0.001" /><testcase classname="tests.test_context_manager.TestSplitProgressEntries" name="test_empty_content" time="0.000" /><testcase classname="tests.test_context_manager.TestSplitProgressEntries" name="test_single_entry" time="0.000" /><testcase classname="tests.test_context_manager.TestSplitProgressEntries" name="test_iso_timestamp_entries" time="0.000" /><testcase classname="tests.test_context_manager.TestSplitProgressEntries" name="test_compact_timestamp_entries" time="0.000" /><testcase classname="tests.test_context_manager.TestSplitProgressEntries" name="test_iteration_format_entries" time="0.000" /><testcase classname="tests.test_context_manager.TestSplitProgressEntries" name="test_mixed_timestamps" time="0.000" /><testcase classname="tests.test_context_manager.TestLoadProgressWindow" name="test_nonexistent_file" time="0.001" /><testcase classname="tests.test_context_manager.TestLoadProgressWindow" name="test_empty_file" time="0.001" /><testcase classname="tests.test_context_manager.TestLoadProgressWindow" name="test_small_file_within_limits" time="0.001" /><testcase classname="tests.test_context_manager.TestLoadProgressWindow" name="test_window_limits_entries" time="0.001" /><testcase classname="tests.test_context_manager.TestLoadProgressWindow" name="test_char_limit_truncates" time="0.001" /><testcase classname="tests.test_context_manager.TestArchiveOldProgress" name="test_nonexistent_file" time="0.001" /><testcase classname="tests.test_context_manager.TestArchiveOldProgress" name="test_small_file_no_archive" time="0.001" /><testcase classname="tests.test_context_manager.TestArchiveOldProgress" name="test_archives_old_entries" time="0.001" /><testcase classname="tests.test_context_manager.TestCheckContextHealth" name="test_within_budget" time="0.000" /><testcase classname="tests.test_context_manager.TestCheckContextHealth" name="test_over_budget_warning" time="0.000" /><testcase classname="tests.test_context_manager.TestCheckContextHealth" name="test_high_saturation_warning" time="0.000" /><testcase classname="tests.test_context_manager.TestCheckContextHealth" name="test_large_progress_file_warning" time="0.000" /><testcase classname="tests.test_context_manager.TestCheckContextHealth" name="test_progress_exceeds_limit_warning" time="0.000" /><testcase classname="tests.test_context_manager.TestContextConfig" name="test_default_values" time="0.000" /><testcase classname="tests.test_context_manager.TestContextConfig" name="test_total_budget_too_low_raises" time="0.000" /><testcase classname="tests.test_context_manager.TestContextConfig" name="test_total_budget_too_high_raises" time="0.000" /><testcase classname="tests.test_context_manager.TestContextConfig" name="test_progress_max_lines_too_low_raises" time="0.000" /><testcase classname="tests.test_context_manager.TestContextConfig" name="test_progress_max_chars_too_low_raises" time="0.000" /><testcase classname="tests.test_context_manager.TestContextHealth" name="test_str_representation" time="0.000" /><testcase classname="tests.test_convert_cli" name="test_convert_json_to_yaml_cli" time="0.088" /><testcase classname="tests.test_convert_cli" name="test_convert_markdown_to_yaml_cli" time="0.088" /><testcase classname="tests.test_convert_cli" name="test_convert_with_infer_groups_cli" time="0.094" /><testcase classname="tests.test_convert_cli" name="test_convert_missing_file_cli" time="0.099" /><testcase classname="tests.test_convert_cli" name="test_convert_shows_summary_cli" time="0.095" /><testcase classname="tests.test_convert_cli" name="test_convert_shows_groups_summary_cli" time="0.089" /><testcase classname="tests.test_converters" name="test_convert_json_to_yaml_basic" time="0.001" /><testcase classname="tests.test_converters" name="test_convert_json_to_yaml_with_groups" time="0.001" /><testcase classname="tests.test_converters" name="test_convert_markdown_to_yaml_basic" time="0.001" /><testcase classname="tests.test_converters" name="test_convert_markdown_to_yaml_with_groups" time="0.001" /><testcase classname="tests.test_converters" name="test_save_yaml" time="0.001" /><testcase classname="tests.test_converters" name="test_convert_to_yaml_json" time="0.003" /><testcase classname="tests.test_converters" name="test_convert_to_yaml_markdown" time="0.002" /><testcase classname="tests.test_converters" name="test_convert_to_yaml_with_groups" time="0.003" /><testcase classname="tests.test_converters" name="test_convert_to_yaml_missing_file" time="0.001" /><testcase classname="tests.test_converters" name="test_convert_to_yaml_unsupported_format" time="0.001" /><testcase classname="tests.test_converters" name="test_convert_empty_json" time="0.001" /><testcase classname="tests.test_converters" name="test_convert_empty_markdown" time="0.001" /><testcase classname="tests.test_converters" name="test_group_inference_patterns" time="0.000" /><testcase classname="tests.test_converters" name="test_yaml_tracker_can_load_converted_file" time="0.003" /><testcase classname="tests.test_converters" name="test_conversion_preserves_all_data" time="0.003" /><testcase classname="tests.test_converters" name="test_yaml_output_is_readable" time="0.002" /><testcase classname="tests.test_dependencies" name="test_build_dependency_graph_empty" time="0.000" /><testcase classname="tests.test_dependencies" name="test_build_dependency_graph_single_task" time="0.000" /><testcase classname="tests.test_dependencies" name="test_build_dependency_graph_with_dependencies" time="0.000" /><testcase classname="tests.test_dependencies" name="test_build_dependency_graph_missing_depends_on" time="0.000" /><testcase classname="tests.test_dependencies" name="test_build_dependency_graph_invalid_depends_on" time="0.000" /><testcase classname="tests.test_dependencies" name="test_detect_circular_dependencies_no_cycle" time="0.000" /><testcase classname="tests.test_dependencies" name="test_detect_circular_dependencies_simple_cycle" time="0.000" /><testcase classname="tests.test_dependencies" name="test_detect_circular_dependencies_complex_cycle" time="0.000" /><testcase classname="tests.test_dependencies" name="test_get_ready_tasks_no_dependencies" time="0.000" /><testcase classname="tests.test_dependencies" name="test_get_ready_tasks_with_dependencies" time="0.000" /><testcase classname="tests.test_dependencies" name="test_get_ready_tasks_multiple_dependencies" time="0.000" /><testcase classname="tests.test_dependencies" name="test_get_ready_tasks_excludes_completed" time="0.000" /><testcase classname="tests.test_dependencies" name="test_format_dependency_graph_empty" time="0.000" /><testcase classname="tests.test_dependencies" name="test_format_dependency_graph_simple" time="0.000" /><testcase classname="tests.test_dependencies" name="test_format_dependency_graph_with_cycle" time="0.000" /><testcase classname="tests.test_dependencies" name="test_depth_calculation" time="0.000" /><testcase classname="tests.test_dependencies" name="test_depth_calculation_multiple_paths" time="0.000" /><testcase classname="tests.test_dependencies" name="test_blocked_by_tracking" time="0.000" /><testcase classname="tests.test_dependencies" name="test_topological_ordering_via_depth" time="0.000" /><testcase classname="tests.test_dependencies" name="test_nonexistent_dependency" time="0.000" /><testcase classname="tests.test_dependencies" name="test_self_dependency" time="0.000" /><testcase classname="tests.test_dependencies" name="test_diamond_dependency_pattern" time="0.000" /><testcase classname="tests.test_dependencies" name="test_empty_task_id" time="0.000" /><testcase classname="tests.test_dependencies" name="test_format_dependency_graph_shows_ready_status" time="0.000" /><testcase classname="tests.test_dependencies" name="test_large_dependency_chain" time="0.000" /><testcase classname="tests.test_dependencies" name="test_multiple_independent_chains" time="0.000" /><testcase classname="tests.test_dependencies_properties" name="test_property_12_dependency_satisfaction" time="0.031" /><testcase classname="tests.test_dependencies_properties" name="test_property_12_task_not_ready_until_all_deps_complete" time="0.003" /><testcase classname="tests.test_dependencies_properties" name="test_property_13_circular_dependency_detection_finds_cycles" time="0.002" /><testcase classname="tests.test_dependencies_properties" name="test_property_13_no_false_positives_for_acyclic_graphs" time="0.016" /><testcase classname="tests.test_dependencies_properties" name="test_property_13_self_dependency_is_detected" time="0.003" /><testcase classname="tests.test_dependencies_properties" name="test_property_14_dependency_format_consistency_json" time="0.015" /><testcase classname="tests.test_dependencies_properties" name="test_property_14_missing_depends_on_field_handled" time="0.014" /><testcase classname="tests.test_dependencies_properties" name="test_property_14_invalid_depends_on_type_handled" time="0.018" /><testcase classname="tests.test_dependencies_properties" name="test_property_15_backward_compatibility_no_depends_on" time="0.017" /><testcase classname="tests.test_dependencies_properties" name="test_property_15_empty_depends_on_same_as_missing" time="0.015" /><testcase classname="tests.test_dependencies_properties" name="test_property_15_mixed_legacy_and_new_format" time="0.014" /><testcase classname="tests.test_dependencies_properties" name="test_property_nonexistent_dependencies_handled_gracefully" time="0.022" /><testcase classname="tests.test_dependencies_properties" name="test_property_graph_building_is_deterministic" time="0.012" /><testcase classname="tests.test_dependencies_properties" name="test_property_ready_tasks_consistency" time="0.018" /><testcase classname="tests.test_diagnostics" name="test_validate_config_missing_file" time="0.001" /><testcase classname="tests.test_diagnostics" name="test_validate_config_valid_minimal" time="0.002" /><testcase classname="tests.test_diagnostics" name="test_validate_config_invalid_toml_syntax" time="0.001" /><testcase classname="tests.test_diagnostics" name="test_validate_config_invalid_toml_unclosed_string" time="0.001" /><testcase classname="tests.test_diagnostics" name="test_validate_config_no_runners" time="0.002" /><testcase classname="tests.test_diagnostics" name="test_validate_config_multiple_runners" time="0.001" /><testcase classname="tests.test_diagnostics" name="test_validate_config_root_location" time="0.001" /><testcase classname="tests.test_diagnostics" name="test_validate_prd_missing_file" time="0.001" /><testcase classname="tests.test_diagnostics" name="test_validate_prd_valid_markdown" time="0.001" /><testcase classname="tests.test_diagnostics" name="test_validate_prd_valid_json" time="0.001" /><testcase classname="tests.test_diagnostics" name="test_validate_prd_invalid_json" time="0.001" /><testcase classname="tests.test_diagnostics" name="test_validate_prd_valid_yaml" time="0.002" /><testcase classname="tests.test_diagnostics" name="test_validate_prd_empty_file" time="0.002" /><testcase classname="tests.test_diagnostics" name="test_check_gates_no_commands" time="0.001" /><testcase classname="tests.test_diagnostics" name="test_check_gates_passing_command" time="0.012" /><testcase classname="tests.test_diagnostics" name="test_check_gates_failing_command" time="0.012" /><testcase classname="tests.test_diagnostics" name="test_check_gates_multiple_commands" time="0.037" /><testcase classname="tests.test_diagnostics" name="test_check_gates_mixed_results" time="0.041" /><testcase classname="tests.test_diagnostics" name="test_check_gates_nonexistent_command" time="0.010" /><testcase classname="tests.test_diagnostics" name="test_check_gates_with_stderr_output" time="0.014" /><testcase classname="tests.test_diagnostics" name="test_suggestions_always_present_on_failure" time="0.001" /><testcase classname="tests.test_diagnostics" name="test_suggestions_actionable" time="0.001" /><testcase classname="tests.test_diagnostics" name="test_suggestions_for_missing_prd" time="0.002" /><testcase classname="tests.test_diagnostics" name="test_exit_code_all_pass" time="0.002" /><testcase classname="tests.test_diagnostics" name="test_exit_code_with_errors" time="0.001" /><testcase classname="tests.test_diagnostics" name="test_exit_code_warnings_only" time="0.001" /><testcase classname="tests.test_diagnostics" name="test_exit_code_with_failing_gates" time="0.011" /><testcase classname="tests.test_diagnostics" name="test_exit_code_mixed_severity" time="0.003" /><testcase classname="tests.test_diagnostics" name="test_run_diagnostics_without_gates" time="0.002" /><testcase classname="tests.test_diagnostics" name="test_run_diagnostics_with_gates" time="0.011" /><testcase classname="tests.test_diagnostics" name="test_run_diagnostics_stops_on_config_error" time="0.002" /><testcase classname="tests.test_diagnostics" name="test_diagnostic_result_dataclass" time="0.000" /><testcase classname="tests.test_diagnostics" name="test_diagnostic_result_severity_levels" time="0.001" /><testcase classname="tests.test_diagnostics" name="test_validate_config_permission_error" time="0.001" /><testcase classname="tests.test_diagnostics" name="test_validate_prd_with_custom_path" time="0.002" /><testcase classname="tests.test_diagnostics" name="test_check_gates_with_working_directory" time="0.014" /><testcase classname="tests.test_diagnostics" name="test_empty_results_list" time="0.000" /><testcase classname="tests.test_diagnostics_basic" name="test_diagnostic_result_creation" time="0.000" /><testcase classname="tests.test_diagnostics_basic" name="test_validate_config_no_file" time="0.001" /><testcase classname="tests.test_diagnostics_basic" name="test_validate_config_valid_toml" time="0.002" /><testcase classname="tests.test_diagnostics_basic" name="test_validate_config_invalid_toml" time="0.001" /><testcase classname="tests.test_diagnostics_basic" name="test_validate_prd_no_file" time="0.001" /><testcase classname="tests.test_diagnostics_basic" name="test_validate_prd_valid_markdown" time="0.002" /><testcase classname="tests.test_diagnostics_basic" name="test_check_gates_no_commands" time="0.002" /><testcase classname="tests.test_diagnostics_basic" name="test_check_gates_passing_command" time="0.009" /><testcase classname="tests.test_diagnostics_basic" name="test_check_gates_failing_command" time="0.009" /><testcase classname="tests.test_diagnostics_basic" name="test_run_diagnostics_exit_codes" time="0.001" /><testcase classname="tests.test_diagnostics_basic" name="test_run_diagnostics_with_gates" time="0.009" /><testcase classname="tests.test_diagnostics_properties" name="test_property_config_validation_correctness" time="0.005" /><testcase classname="tests.test_diagnostics_properties" name="test_property_exit_code_mapping" time="0.019" /><testcase classname="tests.test_diagnostics_properties" name="test_property_gate_execution_fidelity" time="2.206"><failure message="hypothesis.errors.FlakyFailure: Hypothesis test_property_gate_execution_fidelity(tmp_path=PosixPath('/private/var/folders/tl/6bt8_lsn31b2j3sc_q5yr05c0000gn/T/pytest-of-jamiecraik/pytest-1/test_property_gate_execution_f0'), gate_commands=['true', 'false', &quot;echo 'test'&quot;]) produces unreliable results: Falsified on the first call but did not on a subsequent one (1 sub-exception)&#10;Falsifying example: test_property_gate_execution_fidelity(&#10;    tmp_path=PosixPath('/private/var/folders/tl/6bt8_lsn31b2j3sc_q5yr05c0000gn/T/pytest-of-jamiecraik/pytest-1/test_property_gate_execution_f0'),&#10;    gate_commands=['true', 'false', &quot;echo 'test'&quot;],&#10;)&#10;Unreliable test timings! On an initial run, this test took 1283.67ms, which exceeded the deadline of 1000.00ms, but on a subsequent run it took 29.78 ms, which did not. If you expect this sort of variability in your test timings, consider turning deadlines off for this test by setting deadline=None.">+ Exception Group Traceback (most recent call last):
  |   File "/Users/jamiecraik/dev/ralph-gold/.venv/lib/python3.14/site-packages/_pytest/runner.py", line 341, in from_call
  |     result: Optional[TResult] = func()
  |                                 ~~~~^^
  |   File "/Users/jamiecraik/dev/ralph-gold/.venv/lib/python3.14/site-packages/_pytest/runner.py", line 262, in &lt;lambda&gt;
  |     lambda: ihook(item=item, **kwds), when=when, reraise=reraise
  |             ~~~~~^^^^^^^^^^^^^^^^^^^
  |   File "/Users/jamiecraik/dev/ralph-gold/.venv/lib/python3.14/site-packages/pluggy/_hooks.py", line 512, in __call__
  |     return self._hookexec(self.name, self._hookimpls.copy(), kwargs, firstresult)
  |            ~~~~~~~~~~~~~~^^^^^^^^^^^^^^^^^^^^^^^^^^^^^^^^^^^^^^^^^^^^^^^^^^^^^^^^
  |   File "/Users/jamiecraik/dev/ralph-gold/.venv/lib/python3.14/site-packages/pluggy/_manager.py", line 120, in _hookexec
  |     return self._inner_hookexec(hook_name, methods, kwargs, firstresult)
  |            ~~~~~~~~~~~~~~~~~~~~^^^^^^^^^^^^^^^^^^^^^^^^^^^^^^^^^^^^^^^^^
  |   File "/Users/jamiecraik/dev/ralph-gold/.venv/lib/python3.14/site-packages/pluggy/_callers.py", line 167, in _multicall
  |     raise exception
  |   File "/Users/jamiecraik/dev/ralph-gold/.venv/lib/python3.14/site-packages/pluggy/_callers.py", line 139, in _multicall
  |     teardown.throw(exception)
  |     ~~~~~~~~~~~~~~^^^^^^^^^^^
  |   File "/Users/jamiecraik/dev/ralph-gold/.venv/lib/python3.14/site-packages/pluggy/_callers.py", line 53, in run_old_style_hookwrapper
  |     return result.get_result()
  |            ~~~~~~~~~~~~~~~~~^^
  |   File "/Users/jamiecraik/dev/ralph-gold/.venv/lib/python3.14/site-packages/pluggy/_result.py", line 103, in get_result
  |     raise exc.with_traceback(tb)
  |   File "/Users/jamiecraik/dev/ralph-gold/.venv/lib/python3.14/site-packages/pluggy/_callers.py", line 38, in run_old_style_hookwrapper
  |     res = yield
  |           ^^^^^
  |   File "/Users/jamiecraik/dev/ralph-gold/.venv/lib/python3.14/site-packages/pluggy/_callers.py", line 139, in _multicall
  |     teardown.throw(exception)
  |     ~~~~~~~~~~~~~~^^^^^^^^^^^
  |   File "/Users/jamiecraik/dev/ralph-gold/.venv/lib/python3.14/site-packages/pluggy/_callers.py", line 53, in run_old_style_hookwrapper
  |     return result.get_result()
  |            ~~~~~~~~~~~~~~~~~^^
  |   File "/Users/jamiecraik/dev/ralph-gold/.venv/lib/python3.14/site-packages/pluggy/_result.py", line 103, in get_result
  |     raise exc.with_traceback(tb)
  |   File "/Users/jamiecraik/dev/ralph-gold/.venv/lib/python3.14/site-packages/pluggy/_callers.py", line 38, in run_old_style_hookwrapper
  |     res = yield
  |           ^^^^^
  |   File "/Users/jamiecraik/dev/ralph-gold/.venv/lib/python3.14/site-packages/pluggy/_callers.py", line 139, in _multicall
  |     teardown.throw(exception)
  |     ~~~~~~~~~~~~~~^^^^^^^^^^^
  |   File "/Users/jamiecraik/dev/ralph-gold/.venv/lib/python3.14/site-packages/pluggy/_callers.py", line 53, in run_old_style_hookwrapper
  |     return result.get_result()
  |            ~~~~~~~~~~~~~~~~~^^
  |   File "/Users/jamiecraik/dev/ralph-gold/.venv/lib/python3.14/site-packages/pluggy/_result.py", line 103, in get_result
  |     raise exc.with_traceback(tb)
  |   File "/Users/jamiecraik/dev/ralph-gold/.venv/lib/python3.14/site-packages/pluggy/_callers.py", line 38, in run_old_style_hookwrapper
  |     res = yield
  |           ^^^^^
  |   File "/Users/jamiecraik/dev/ralph-gold/.venv/lib/python3.14/site-packages/pluggy/_callers.py", line 139, in _multicall
  |     teardown.throw(exception)
  |     ~~~~~~~~~~~~~~^^^^^^^^^^^
  |   File "/Users/jamiecraik/dev/ralph-gold/.venv/lib/python3.14/site-packages/pluggy/_callers.py", line 53, in run_old_style_hookwrapper
  |     return result.get_result()
  |            ~~~~~~~~~~~~~~~~~^^
  |   File "/Users/jamiecraik/dev/ralph-gold/.venv/lib/python3.14/site-packages/pluggy/_result.py", line 103, in get_result
  |     raise exc.with_traceback(tb)
  |   File "/Users/jamiecraik/dev/ralph-gold/.venv/lib/python3.14/site-packages/pluggy/_callers.py", line 38, in run_old_style_hookwrapper
  |     res = yield
  |           ^^^^^
  |   File "/Users/jamiecraik/dev/ralph-gold/.venv/lib/python3.14/site-packages/pluggy/_callers.py", line 139, in _multicall
  |     teardown.throw(exception)
  |     ~~~~~~~~~~~~~~^^^^^^^^^^^
  |   File "/Users/jamiecraik/dev/ralph-gold/.venv/lib/python3.14/site-packages/pluggy/_callers.py", line 53, in run_old_style_hookwrapper
  |     return result.get_result()
  |            ~~~~~~~~~~~~~~~~~^^
  |   File "/Users/jamiecraik/dev/ralph-gold/.venv/lib/python3.14/site-packages/pluggy/_result.py", line 103, in get_result
  |     raise exc.with_traceback(tb)
  |   File "/Users/jamiecraik/dev/ralph-gold/.venv/lib/python3.14/site-packages/pluggy/_callers.py", line 38, in run_old_style_hookwrapper
  |     res = yield
  |           ^^^^^
  |   File "/Users/jamiecraik/dev/ralph-gold/.venv/lib/python3.14/site-packages/pluggy/_callers.py", line 139, in _multicall
  |     teardown.throw(exception)
  |     ~~~~~~~~~~~~~~^^^^^^^^^^^
  |   File "/Users/jamiecraik/dev/ralph-gold/.venv/lib/python3.14/site-packages/pluggy/_callers.py", line 53, in run_old_style_hookwrapper
  |     return result.get_result()
  |            ~~~~~~~~~~~~~~~~~^^
  |   File "/Users/jamiecraik/dev/ralph-gold/.venv/lib/python3.14/site-packages/pluggy/_result.py", line 103, in get_result
  |     raise exc.with_traceback(tb)
  |   File "/Users/jamiecraik/dev/ralph-gold/.venv/lib/python3.14/site-packages/pluggy/_callers.py", line 38, in run_old_style_hookwrapper
  |     res = yield
  |           ^^^^^
  |   File "/Users/jamiecraik/dev/ralph-gold/.venv/lib/python3.14/site-packages/pluggy/_callers.py", line 121, in _multicall
  |     res = hook_impl.function(*args)
  |   File "/Users/jamiecraik/dev/ralph-gold/.venv/lib/python3.14/site-packages/_pytest/runner.py", line 177, in pytest_runtest_call
  |     raise e
  |   File "/Users/jamiecraik/dev/ralph-gold/.venv/lib/python3.14/site-packages/_pytest/runner.py", line 169, in pytest_runtest_call
  |     item.runtest()
  |     ~~~~~~~~~~~~^^
  |   File "/Users/jamiecraik/dev/ralph-gold/.venv/lib/python3.14/site-packages/_pytest/python.py", line 1792, in runtest
  |     self.ihook.pytest_pyfunc_call(pyfuncitem=self)
  |     ~~~~~~~~~~~~~~~~~~~~~~~~~~~~~^^^^^^^^^^^^^^^^^
  |   File "/Users/jamiecraik/dev/ralph-gold/.venv/lib/python3.14/site-packages/pluggy/_hooks.py", line 512, in __call__
  |     return self._hookexec(self.name, self._hookimpls.copy(), kwargs, firstresult)
  |            ~~~~~~~~~~~~~~^^^^^^^^^^^^^^^^^^^^^^^^^^^^^^^^^^^^^^^^^^^^^^^^^^^^^^^^
  |   File "/Users/jamiecraik/dev/ralph-gold/.venv/lib/python3.14/site-packages/pluggy/_manager.py", line 120, in _hookexec
  |     return self._inner_hookexec(hook_name, methods, kwargs, firstresult)
  |            ~~~~~~~~~~~~~~~~~~~~^^^^^^^^^^^^^^^^^^^^^^^^^^^^^^^^^^^^^^^^^
  |   File "/Users/jamiecraik/dev/ralph-gold/.venv/lib/python3.14/site-packages/pluggy/_callers.py", line 167, in _multicall
  |     raise exception
  |   File "/Users/jamiecraik/dev/ralph-gold/.venv/lib/python3.14/site-packages/pluggy/_callers.py", line 121, in _multicall
  |     res = hook_impl.function(*args)
  |   File "/Users/jamiecraik/dev/ralph-gold/.venv/lib/python3.14/site-packages/_pytest/python.py", line 194, in pytest_pyfunc_call
  |     result = testfunction(**testargs)
  |   File "/Users/jamiecraik/dev/ralph-gold/tests/test_diagnostics_properties.py", line 171, in test_property_gate_execution_fidelity
  |     max_examples=100,
  |                ^^^^^^
  |   File "/Users/jamiecraik/dev/ralph-gold/.venv/lib/python3.14/site-packages/hypothesis/core.py", line 2246, in wrapped_test
  |     raise the_error_hypothesis_found
  | hypothesis.errors.FlakyFailure: Hypothesis test_property_gate_execution_fidelity(tmp_path=PosixPath('/private/var/folders/tl/6bt8_lsn31b2j3sc_q5yr05c0000gn/T/pytest-of-jamiecraik/pytest-1/test_property_gate_execution_f0'), gate_commands=['true', 'false', "echo 'test'"]) produces unreliable results: Falsified on the first call but did not on a subsequent one (1 sub-exception)
  | Falsifying example: test_property_gate_execution_fidelity(
  |     tmp_path=PosixPath('/private/var/folders/tl/6bt8_lsn31b2j3sc_q5yr05c0000gn/T/pytest-of-jamiecraik/pytest-1/test_property_gate_execution_f0'),
  |     gate_commands=['true', 'false', "echo 'test'"],
  | )
  | Unreliable test timings! On an initial run, this test took 1283.67ms, which exceeded the deadline of 1000.00ms, but on a subsequent run it took 29.78 ms, which did not. If you expect this sort of variability in your test timings, consider turning deadlines off for this test by setting deadline=None.
  +-+---------------- 1 ----------------
    | Traceback (most recent call last):
    |   File "/Users/jamiecraik/dev/ralph-gold/.venv/lib/python3.14/site-packages/hypothesis/core.py", line 1211, in _execute_once_for_engine
    |     result = self.execute_once(data)
    |   File "/Users/jamiecraik/dev/ralph-gold/.venv/lib/python3.14/site-packages/hypothesis/core.py", line 1150, in execute_once
    |     result = self.test_runner(data, run)
    |   File "/Users/jamiecraik/dev/ralph-gold/.venv/lib/python3.14/site-packages/hypothesis/core.py", line 824, in default_executor
    |     return function(data)
    |   File "/Users/jamiecraik/dev/ralph-gold/.venv/lib/python3.14/site-packages/hypothesis/core.py", line 1107, in run
    |     return test(*args, **kwargs)
    |   File "/Users/jamiecraik/dev/ralph-gold/tests/test_diagnostics_properties.py", line 171, in test_property_gate_execution_fidelity
    |     max_examples=100,
    |                ^^^^^^
    |   File "/Users/jamiecraik/dev/ralph-gold/.venv/lib/python3.14/site-packages/hypothesis/core.py", line 1041, in test
    |     raise DeadlineExceeded(
    |         datetime.timedelta(seconds=runtime), self.settings.deadline
    |     )
    | hypothesis.errors.DeadlineExceeded: Test took 1283.67ms, which exceeds the deadline of 1000.00ms. If you expect test cases to take this long, you can use @settings(deadline=...) to either set a higher deadline, or to disable it with deadline=None.
    +------------------------------------</failure></testcase><testcase classname="tests.test_diagnostics_properties" name="test_property_suggestion_completeness" time="0.010" /><testcase classname="tests.test_diagnostics_properties" name="test_property_run_diagnostics_consistency" time="0.032" /><testcase classname="tests.test_diagnostics_properties" name="test_property_config_validation_handles_arbitrary_input" time="0.011" /><testcase classname="tests.test_diagnostics_properties" name="test_property_gate_commands_handle_various_inputs" time="3.197" /><testcase classname="tests.test_doctor_runners" name="test_doctor_checks_configured_runner_bins" time="0.264" /><testcase classname="tests.test_doctor_setup" name="test_detect_project_type_node" time="0.001" /><testcase classname="tests.test_doctor_setup" name="test_detect_project_type_python" time="0.001" /><testcase classname="tests.test_doctor_setup" name="test_detect_project_type_rust" time="0.001" /><testcase classname="tests.test_doctor_setup" name="test_detect_project_type_go" time="0.001" /><testcase classname="tests.test_doctor_setup" name="test_detect_project_type_unknown" time="0.001" /><testcase classname="tests.test_doctor_setup" name="test_detect_package_manager_pnpm" time="0.001" /><testcase classname="tests.test_doctor_setup" name="test_detect_package_manager_yarn" time="0.001" /><testcase classname="tests.test_doctor_setup" name="test_detect_package_manager_npm" time="0.001" /><testcase classname="tests.test_doctor_setup" name="test_detect_package_manager_bun" time="0.001" /><testcase classname="tests.test_doctor_setup" name="test_detect_package_manager_none" time="0.001" /><testcase classname="tests.test_doctor_setup" name="test_get_check_commands_node_with_scripts" time="0.001" /><testcase classname="tests.test_doctor_setup" name="test_get_check_commands_python" time="0.001" /><testcase classname="tests.test_doctor_setup" name="test_setup_checks_node_dry_run" time="0.001" /><testcase classname="tests.test_doctor_setup" name="test_setup_checks_node_apply" time="0.001" /><testcase classname="tests.test_doctor_setup" name="test_setup_checks_python_apply" time="0.001" /><testcase classname="tests.test_doctor_setup" name="test_setup_checks_existing_gates" time="0.001" /><testcase classname="tests.test_doctor_setup" name="test_setup_checks_no_ralph_toml" time="0.001" /><testcase classname="tests.test_dry_run" name="test_dry_run_does_not_execute_agents" time="0.090" /><testcase classname="tests.test_dry_run" name="test_dry_run_does_not_modify_files" time="0.085" /><testcase classname="tests.test_dry_run" name="test_dry_run_validates_configuration" time="0.083" /><testcase classname="tests.test_dry_run" name="test_dry_run_shows_tasks_to_execute" time="0.085" /><testcase classname="tests.test_dry_run" name="test_dry_run_shows_gates_to_run" time="0.083" /><testcase classname="tests.test_dry_run" name="test_dry_run_estimates_duration" time="0.083" /><testcase classname="tests.test_dry_run" name="test_dry_run_reports_task_counts" time="0.084" /><testcase classname="tests.test_dry_run" name="test_dry_run_with_invalid_agent" time="0.083"><failure message="ValueError: Unknown agent 'nonexistent-agent'. Available runners: claude, codex, copilot">ralph_project = PosixPath('/private/var/folders/tl/6bt8_lsn31b2j3sc_q5yr05c0000gn/T/pytest-of-jamiecraik/pytest-1/test_dry_run_with_invalid_agen0')

    def test_dry_run_with_invalid_agent(ralph_project: Path):
        """Test that dry-run detects invalid agent configuration."""
&gt;       result = dry_run_loop(ralph_project, "nonexistent-agent", 5)

tests/test_dry_run.py:204: 
_ _ _ _ _ _ _ _ _ _ _ _ _ _ _ _ _ _ _ _ _ _ _ _ _ _ _ _ _ _ _ _ _ _ _ _ _ _ _ _ 
src/ralph_gold/loop.py:952: in dry_run_loop
    _get_runner(cfg, agent)
src/ralph_gold/loop.py:1253: in _get_runner
    return get_runner_config(cfg, agent)
_ _ _ _ _ _ _ _ _ _ _ _ _ _ _ _ _ _ _ _ _ _ _ _ _ _ _ _ _ _ _ _ _ _ _ _ _ _ _ _ 

cfg = Config(loop=LoopConfig(max_iterations=5, no_progress_limit=3, rate_limit_per_hour=0, sleep_seconds_between_iters=0, ru..., unblock=UnblockConfig(auto_suggest=True, max_auto_unblock_attempts=1, require_reason=True, allow_batch_unblock=True))
agent = 'nonexistent-agent'

    def get_runner_config(cfg: Config, agent: str) -&gt; RunnerConfig:
        """Get the runner configuration for a given agent.
    
        Args:
            cfg: The global Ralph configuration
            agent: The agent name
    
        Returns:
            The RunnerConfig for this agent
    
        Raises:
            RuntimeError: If the agent is not configured
    
        Example:
            &gt;&gt;&gt; config = get_runner_config(cfg, "codex")
            &gt;&gt;&gt; print(config.argv)
            ['codex', 'run', '--no-confirm', '--format', 'json', '--']
        """
        runner = cfg.runners.get(agent)
        if runner is None:
            available = ", ".join(sorted(cfg.runners.keys()))
&gt;           raise ValueError(
                f"Unknown agent '{agent}'. Available runners: {available}"
            )
E           ValueError: Unknown agent 'nonexistent-agent'. Available runners: claude, codex, copilot

src/ralph_gold/agents.py:305: ValueError</failure></testcase><testcase classname="tests.test_dry_run" name="test_dry_run_with_missing_prd" time="0.095" /><testcase classname="tests.test_dry_run" name="test_dry_run_respects_max_iterations" time="0.100" /><testcase classname="tests.test_dry_run" name="test_dry_run_with_no_history" time="0.092" /><testcase classname="tests.test_dry_run" name="test_property_dry_run_safety" time="0.398" /><testcase classname="tests.test_dry_run" name="test_property_dry_run_prediction_accuracy" time="0.369" /><testcase classname="tests.test_envvars" name="test_expand_env_vars_simple" time="0.000" /><testcase classname="tests.test_envvars" name="test_expand_env_vars_multiple" time="0.000" /><testcase classname="tests.test_envvars" name="test_expand_env_vars_with_default" time="0.000" /><testcase classname="tests.test_envvars" name="test_expand_env_vars_default_overridden" time="0.000" /><testcase classname="tests.test_envvars" name="test_expand_env_vars_missing_required" time="0.000" /><testcase classname="tests.test_envvars" name="test_expand_env_vars_empty_default" time="0.000" /><testcase classname="tests.test_envvars" name="test_expand_env_vars_no_expansion" time="0.000" /><testcase classname="tests.test_envvars" name="test_expand_env_vars_invalid_name" time="0.000" /><testcase classname="tests.test_envvars" name="test_expand_env_vars_security_no_shell_execution" time="0.000" /><testcase classname="tests.test_envvars" name="test_expand_env_vars_nested_syntax" time="0.000" /><testcase classname="tests.test_envvars" name="test_validate_required_vars_empty_config" time="0.000" /><testcase classname="tests.test_envvars" name="test_validate_required_vars_no_vars" time="0.000" /><testcase classname="tests.test_envvars" name="test_validate_required_vars_all_set" time="0.000" /><testcase classname="tests.test_envvars" name="test_validate_required_vars_some_missing" time="0.000" /><testcase classname="tests.test_envvars" name="test_validate_required_vars_ignores_defaults" time="0.000" /><testcase classname="tests.test_envvars" name="test_validate_required_vars_nested_config" time="0.000" /><testcase classname="tests.test_envvars" name="test_validate_required_vars_list_values" time="0.000" /><testcase classname="tests.test_envvars" name="test_validate_required_vars_no_duplicates" time="0.000" /><testcase classname="tests.test_envvars" name="test_expand_config_simple" time="0.000" /><testcase classname="tests.test_envvars" name="test_expand_config_nested" time="0.000" /><testcase classname="tests.test_envvars" name="test_expand_config_with_lists" time="0.000" /><testcase classname="tests.test_envvars" name="test_expand_config_mixed_types" time="0.000" /><testcase classname="tests.test_envvars" name="test_expand_config_with_defaults" time="0.000" /><testcase classname="tests.test_envvars" name="test_expand_config_raises_on_missing" time="0.000" /><testcase classname="tests.test_envvars" name="test_expand_config_preserves_structure" time="0.000" /><testcase classname="tests.test_envvars" name="test_expand_env_vars_underscore_in_name" time="0.000" /><testcase classname="tests.test_envvars" name="test_expand_env_vars_numbers_in_name" time="0.000" /><testcase classname="tests.test_envvars" name="test_expand_config_empty_dict" time="0.000" /><testcase classname="tests.test_envvars" name="test_expand_config_no_modification_needed" time="0.000" /><testcase classname="tests.test_evidence.TestEvidenceCitation" name="test_evidence_citation_creation" time="0.000" /><testcase classname="tests.test_evidence.TestEvidenceCitation" name="test_evidence_citation_defaults" time="0.000" /><testcase classname="tests.test_evidence.TestEvidenceCitation" name="test_evidence_citation_str" time="0.000" /><testcase classname="tests.test_evidence.TestEvidenceReceipt" name="test_evidence_receipt_creation" time="0.000" /><testcase classname="tests.test_evidence.TestEvidenceReceipt" name="test_evidence_receipt_to_command_receipt" time="0.000" /><testcase classname="tests.test_evidence.TestHashText" name="testhash_text_consistency" time="0.000" /><testcase classname="tests.test_evidence.TestHashText" name="testhash_text_uniqueness" time="0.000" /><testcase classname="tests.test_evidence.TestHashText" name="testhash_text_format" time="0.000" /><testcase classname="tests.test_evidence.TestExtractEvidenceRegex" name="test_extract_file_evidence" time="0.000" /><testcase classname="tests.test_evidence.TestExtractEvidenceRegex" name="test_extract_command_evidence" time="0.000" /><testcase classname="tests.test_evidence.TestExtractEvidenceRegex" name="test_extract_test_evidence" time="0.000" /><testcase classname="tests.test_evidence.TestExtractEvidenceRegex" name="test_extract_url_evidence" time="0.000" /><testcase classname="tests.test_evidence.TestExtractEvidenceRegex" name="test_extract_no_evidence" time="0.000" /><testcase classname="tests.test_evidence.TestExtractEvidenceRegex" name="test_extract_mixed_evidence" time="0.000" /><testcase classname="tests.test_evidence.TestExtractEvidenceJSON" name="test_extract_json_valid" time="0.000" /><testcase classname="tests.test_evidence.TestExtractEvidenceJSON" name="test_extract_json_citations_format" time="0.000" /><testcase classname="tests.test_evidence.TestExtractEvidenceJSON" name="test_extract_json_invalid" time="0.000" /><testcase classname="tests.test_evidence.TestExtractEvidenceJSON" name="test_extract_json_no_json" time="0.000" /><testcase classname="tests.test_evidence.TestExtractEvidence" name="test_extract_evidence_regex_only" time="0.000" /><testcase classname="tests.test_evidence.TestExtractEvidence" name="test_extract_evidence_json_fallback" time="0.000" /><testcase classname="tests.test_evidence.TestExtractEvidence" name="test_extract_evidence_json_priority" time="0.000" /><testcase classname="tests.test_evidence.TestExtractEvidence" name="test_extract_evidence_empty_output" time="0.000" /><testcase classname="tests.test_evidence.TestExtractEvidence" name="test_extract_evidence_truncates_context" time="0.000" /><testcase classname="tests.test_evidence.TestIntegration" name="test_real_world_agent_output" time="0.000" /><testcase classname="tests.test_evidence.TestIntegration" name="test_evidence_receipt_full_workflow" time="0.000" /><testcase classname="tests.test_gates_enhanced" name="test_discover_precommit_hook_husky" time="0.001" /><testcase classname="tests.test_gates_enhanced" name="test_discover_precommit_hook_git" time="0.001" /><testcase classname="tests.test_gates_enhanced" name="test_discover_precommit_hook_prefers_husky" time="0.001" /><testcase classname="tests.test_gates_enhanced" name="test_discover_precommit_hook_none" time="0.001" /><testcase classname="tests.test_gates_enhanced" name="test_truncate_output_short" time="0.000" /><testcase classname="tests.test_gates_enhanced" name="test_truncate_output_long" time="0.000" /><testcase classname="tests.test_gates_enhanced" name="test_truncate_output_disabled" time="0.000" /><testcase classname="tests.test_gates_enhanced" name="test_format_gate_results_summary" time="0.000" /><testcase classname="tests.test_gates_enhanced" name="test_format_gate_results_errors_only" time="0.000" /><testcase classname="tests.test_gates_enhanced" name="test_format_gate_results_full" time="0.000" /><testcase classname="tests.test_gates_enhanced" name="test_format_gate_results_precommit_hook_label" time="0.000" /><testcase classname="tests.test_gates_enhanced" name="test_run_gates_fail_fast" time="0.256" /><testcase classname="tests.test_gates_enhanced" name="test_run_gates_no_fail_fast" time="0.320" /><testcase classname="tests.test_gates_enhanced" name="test_should_skip_gates_all_match" time="0.000" /><testcase classname="tests.test_gates_enhanced" name="test_should_skip_gates_partial_match" time="0.000" /><testcase classname="tests.test_gates_enhanced" name="test_should_skip_gates_no_match" time="0.000" /><testcase classname="tests.test_gates_enhanced" name="test_should_skip_gates_empty_patterns" time="0.000" /><testcase classname="tests.test_gates_enhanced" name="test_should_skip_gates_multiple_patterns" time="0.000" /><testcase classname="tests.test_gates_enhanced" name="test_should_skip_gates_wildcard_pattern" time="0.000" /><testcase classname="tests.test_gates_enhanced" name="test_smart_gate_filters_with_git_repo" time="0.091" /><testcase classname="tests.test_gates_enhanced" name="test_smart_gate_runs_for_code_changes" time="0.373" /><testcase classname="tests.test_gates_enhanced" name="test_smart_gate_disabled_by_default" time="0.192" /><testcase classname="tests.test_github_auth.TestGhCliAuth" name="test_init_gh_not_installed" time="0.001" /><testcase classname="tests.test_github_auth.TestGhCliAuth" name="test_init_gh_installed" time="0.000" /><testcase classname="tests.test_github_auth.TestGhCliAuth" name="test_validate_authenticated" time="0.000" /><testcase classname="tests.test_github_auth.TestGhCliAuth" name="test_validate_not_authenticated" time="0.000" /><testcase classname="tests.test_github_auth.TestGhCliAuth" name="test_validate_invalid_json" time="0.000" /><testcase classname="tests.test_github_auth.TestGhCliAuth" name="test_validate_timeout" time="0.000" /><testcase classname="tests.test_github_auth.TestGhCliAuth" name="test_api_call_get" time="0.000" /><testcase classname="tests.test_github_auth.TestGhCliAuth" name="test_api_call_post_with_data" time="0.000" /><testcase classname="tests.test_github_auth.TestGhCliAuth" name="test_api_call_empty_response" time="0.000" /><testcase classname="tests.test_github_auth.TestGhCliAuth" name="test_api_call_authentication_error" time="0.000" /><testcase classname="tests.test_github_auth.TestGhCliAuth" name="test_api_call_not_found_error" time="0.000" /><testcase classname="tests.test_github_auth.TestGhCliAuth" name="test_api_call_rate_limit_error" time="0.000" /><testcase classname="tests.test_github_auth.TestGhCliAuth" name="test_api_call_timeout" time="0.000" /><testcase classname="tests.test_github_auth.TestGhCliAuth" name="test_api_call_invalid_json_response" time="0.000" /><testcase classname="tests.test_github_auth.TestTokenAuth" name="test_init_with_token" time="0.000" /><testcase classname="tests.test_github_auth.TestTokenAuth" name="test_init_from_env" time="0.000" /><testcase classname="tests.test_github_auth.TestTokenAuth" name="test_init_custom_env_var" time="0.000" /><testcase classname="tests.test_github_auth.TestTokenAuth" name="test_init_no_token" time="0.000" /><testcase classname="tests.test_github_auth.TestTokenAuth" name="test_init_validates_token_format" time="0.000" /><testcase classname="tests.test_github_auth.TestTokenAuth" name="test_repr_hides_token" time="0.000" /><testcase classname="tests.test_github_auth.TestTokenAuth" name="test_del_clears_token" time="0.000" /><testcase classname="tests.test_github_auth.TestTokenAuth" name="test_token_never_logged" time="0.000" /><testcase classname="tests.test_github_auth.TestCreateAuth" name="test_create_gh_cli_auth" time="0.000" /><testcase classname="tests.test_github_auth.TestCreateAuth" name="test_create_token_auth" time="0.000" /><testcase classname="tests.test_github_auth.TestCreateAuth" name="test_create_token_auth_custom_env" time="0.000" /><testcase classname="tests.test_github_auth.TestCreateAuth" name="test_create_invalid_method" time="0.000" /><testcase classname="tests.test_github_auth.TestCreateAuth" name="test_create_gh_cli_not_installed" time="0.000" /><testcase classname="tests.test_github_auth.TestCreateAuth" name="test_create_token_auth_no_token" time="0.000" /><testcase classname="tests.test_github_config" name="test_github_config_defaults" time="0.000" /><testcase classname="tests.test_github_config" name="test_github_config_from_toml" time="0.001" /><testcase classname="tests.test_github_config" name="test_github_config_partial_toml" time="0.001" /><testcase classname="tests.test_github_config" name="test_github_config_no_tracker_section" time="0.001" /><testcase classname="tests.test_github_config" name="test_github_config_empty_lists" time="0.001" /><testcase classname="tests.test_github_issues.TestGitHubIssuesTrackerInit" name="test_init_with_gh_cli" time="0.002" /><testcase classname="tests.test_github_issues.TestGitHubIssuesTrackerInit" name="test_init_with_token" time="0.001" /><testcase classname="tests.test_github_issues.TestGitHubIssuesTrackerInit" name="test_init_invalid_repo_format" time="0.001" /><testcase classname="tests.test_github_issues.TestGitHubIssuesTrackerInit" name="test_init_creates_ralph_dir" time="0.001" /><testcase classname="tests.test_github_issues.TestCaching" name="test_cache_is_fresh_no_cache" time="0.001" /><testcase classname="tests.test_github_issues.TestCaching" name="test_cache_is_fresh_within_ttl" time="0.001" /><testcase classname="tests.test_github_issues.TestCaching" name="test_cache_is_fresh_expired" time="0.001" /><testcase classname="tests.test_github_issues.TestCaching" name="test_save_and_load_cache" time="0.001" /><testcase classname="tests.test_github_issues.TestCaching" name="test_load_cache_missing_file" time="0.001" /><testcase classname="tests.test_github_issues.TestCaching" name="test_load_cache_invalid_json" time="0.001" /><testcase classname="tests.test_github_issues.TestSyncCache" name="test_sync_cache_fresh_cache_no_api_call" time="0.001" /><testcase classname="tests.test_github_issues.TestSyncCache" name="test_sync_cache_stale_cache_calls_api" time="0.001" /><testcase classname="tests.test_github_issues.TestSyncCache" name="test_sync_cache_filters_pull_requests" time="0.001" /><testcase classname="tests.test_github_issues.TestSyncCache" name="test_sync_cache_filters_excluded_labels" time="0.001" /><testcase classname="tests.test_github_issues.TestSyncCache" name="test_sync_cache_handles_api_error_with_cache" time="0.001" /><testcase classname="tests.test_github_issues.TestSyncCache" name="test_sync_cache_handles_api_error_no_cache" time="0.001" /><testcase classname="tests.test_github_issues.TestParallelGroups" name="test_extract_group_from_labels" time="0.001" /><testcase classname="tests.test_github_issues.TestParallelGroups" name="test_extract_group_case_insensitive" time="0.001" /><testcase classname="tests.test_github_issues.TestParallelGroups" name="test_get_parallel_groups" time="0.001" /><testcase classname="tests.test_github_issues.TestParallelGroups" name="test_get_parallel_groups_empty" time="0.001" /><testcase classname="tests.test_github_issues.TestAcceptanceCriteria" name="test_parse_acceptance_criteria" time="0.001" /><testcase classname="tests.test_github_issues.TestAcceptanceCriteria" name="test_parse_acceptance_criteria_no_section" time="0.001" /><testcase classname="tests.test_github_issues.TestAcceptanceCriteria" name="test_parse_acceptance_criteria_empty_body" time="0.001" /><testcase classname="tests.test_github_issues.TestAcceptanceCriteria" name="test_parse_acceptance_criteria_case_insensitive" time="0.001" /><testcase classname="tests.test_github_issues.TestIssueToTask" name="test_issue_to_task" time="0.001" /><testcase classname="tests.test_github_issues.TestIssueToTask" name="test_issue_to_task_no_body" time="0.001" /><testcase classname="tests.test_github_issues.TestPrioritySorting" name="test_sort_issues_by_milestone" time="0.001" /><testcase classname="tests.test_github_issues.TestPrioritySorting" name="test_sort_issues_by_created_date" time="0.001" /><testcase classname="tests.test_github_issues.TestPrioritySorting" name="test_sort_issues_milestone_then_date" time="0.001" /><testcase classname="tests.test_github_issues.TestTrackerProtocol" name="test_peek_next_task" time="0.002" /><testcase classname="tests.test_github_issues.TestTrackerProtocol" name="test_peek_next_task_no_issues" time="0.001" /><testcase classname="tests.test_github_issues.TestTrackerProtocol" name="test_claim_next_task" time="0.002" /><testcase classname="tests.test_github_issues.TestTrackerProtocol" name="test_counts" time="0.002" /><testcase classname="tests.test_github_issues.TestTrackerProtocol" name="test_all_done" time="0.001" /><testcase classname="tests.test_github_issues.TestTrackerProtocol" name="test_all_done_with_issues" time="0.001" /><testcase classname="tests.test_github_issues.TestTrackerProtocol" name="test_is_task_done_open_issue" time="0.001" /><testcase classname="tests.test_github_issues.TestTrackerProtocol" name="test_is_task_done_closed_issue" time="0.001" /><testcase classname="tests.test_github_issues.TestTrackerProtocol" name="test_force_task_open_not_implemented" time="0.001" /><testcase classname="tests.test_github_issues.TestTrackerProtocol" name="test_get_task_lookup_helpers" time="0.002" /><testcase classname="tests.test_github_issues.TestTrackerProtocol" name="test_branch_name_returns_none" time="0.001" /><testcase classname="tests.test_github_issues.TestEdgeCases" name="test_empty_label_filter" time="0.001" /><testcase classname="tests.test_github_issues.TestEdgeCases" name="test_issue_without_labels" time="0.001" /><testcase classname="tests.test_github_issues.TestEdgeCases" name="test_issue_with_string_labels" time="0.002" /><testcase classname="tests.test_github_issues.TestEdgeCases" name="test_api_returns_non_list" time="0.002" /><testcase classname="tests.test_github_issues.TestEdgeCases" name="test_custom_cache_ttl" time="0.001" /><testcase classname="tests.test_github_issues.TestEdgeCases" name="test_custom_exclude_labels" time="0.001" /><testcase classname="tests.test_github_issues.TestMarkTaskDone" name="test_mark_task_done_close_only" time="0.002" /><testcase classname="tests.test_github_issues.TestMarkTaskDone" name="test_mark_task_done_with_comment" time="0.002" /><testcase classname="tests.test_github_issues.TestMarkTaskDone" name="test_mark_task_done_custom_comment" time="0.002" /><testcase classname="tests.test_github_issues.TestMarkTaskDone" name="test_mark_task_done_with_commit_sha" time="0.014" /><testcase classname="tests.test_github_issues.TestMarkTaskDone" name="test_mark_task_done_add_labels" time="0.002" /><testcase classname="tests.test_github_issues.TestMarkTaskDone" name="test_mark_task_done_remove_labels" time="0.002" /><testcase classname="tests.test_github_issues.TestMarkTaskDone" name="test_mark_task_done_all_operations" time="0.002" /><testcase classname="tests.test_github_issues.TestMarkTaskDone" name="test_mark_task_done_api_failure_close" time="0.001" /><testcase classname="tests.test_github_issues.TestMarkTaskDone" name="test_mark_task_done_partial_failure" time="0.002" /><testcase classname="tests.test_github_issues.TestMarkTaskDone" name="test_mark_task_done_invalidates_cache" time="0.002" /><testcase classname="tests.test_github_issues.TestMarkTaskDone" name="test_mark_task_done_logs_api_calls" time="0.002" /><testcase classname="tests.test_github_issues.TestMarkTaskDone" name="test_mark_task_done_logs_failures" time="0.001" /><testcase classname="tests.test_github_issues.TestMarkTaskDone" name="test_generate_completion_comment_no_sha" time="0.001" /><testcase classname="tests.test_github_issues.TestMarkTaskDone" name="test_generate_completion_comment_with_sha" time="0.002" /><testcase classname="tests.test_gitleaks_config" name="test_gitleaks_config_exists" time="0.000" /><testcase classname="tests.test_gitleaks_config" name="test_gitleaks_config_valid" time="0.079" /><testcase classname="tests.test_gitleaks_config" name="test_gitleaks_detects_github_token" time="0.020"><skipped type="pytest.skip" message="GitHub token not detected by current rules - may need custom rule">/Users/jamiecraik/dev/ralph-gold/tests/test_gitleaks_config.py:85: GitHub token not detected by current rules - may need custom rule</skipped></testcase><testcase classname="tests.test_gitleaks_config" name="test_gitleaks_detects_aws_key" time="0.020" /><testcase classname="tests.test_gitleaks_config" name="test_gitleaks_detects_private_key" time="0.019" /><testcase classname="tests.test_gitleaks_config" name="test_gitleaks_test_directory_excluded" time="0.019" /><testcase classname="tests.test_gitleaks_config" name="test_gitleaks_allowlist_patterns" time="0.019" /><testcase classname="tests.test_gitleaks_config" name="test_pre_commit_hook_exists" time="0.000"><failure message="AssertionError: Pre-commit hook not found&#10;assert False&#10; +  where False = &lt;bound method Path.exists of PosixPath('/Users/jamiecraik/dev/ralph-gold/.git/hooks/pre-commit')&gt;()&#10; +    where &lt;bound method Path.exists of PosixPath('/Users/jamiecraik/dev/ralph-gold/.git/hooks/pre-commit')&gt; = PosixPath('/Users/jamiecraik/dev/ralph-gold/.git/hooks/pre-commit').exists">def test_pre_commit_hook_exists():
        """Test that the pre-commit hook script exists and is executable."""
        hook_path = Path(__file__).parent.parent / ".git" / "hooks" / "pre-commit"
&gt;       assert hook_path.exists(), "Pre-commit hook not found"
E       AssertionError: Pre-commit hook not found
E       assert False
E        +  where False = &lt;bound method Path.exists of PosixPath('/Users/jamiecraik/dev/ralph-gold/.git/hooks/pre-commit')&gt;()
E        +    where &lt;bound method Path.exists of PosixPath('/Users/jamiecraik/dev/ralph-gold/.git/hooks/pre-commit')&gt; = PosixPath('/Users/jamiecraik/dev/ralph-gold/.git/hooks/pre-commit').exists

tests/test_gitleaks_config.py:182: AssertionError</failure></testcase><testcase classname="tests.test_gitleaks_config" name="test_pre_commit_hook_contains_gitleaks" time="0.000"><skipped type="pytest.skip" message="Pre-commit hook not found">/Users/jamiecraik/dev/ralph-gold/tests/test_gitleaks_config.py:194: Pre-commit hook not found</skipped></testcase><testcase classname="tests.test_gitleaks_config" name="test_github_actions_workflow_exists" time="0.000" /><testcase classname="tests.test_gitleaks_config" name="test_github_actions_workflow_contains_gitleaks" time="0.000" /><testcase classname="tests.test_gitleaks_config" name="test_contributing_md_documentation" time="0.000" /><testcase classname="tests.test_gitleaks_config" name="test_gitleaks_scan_on_project_no_current_secrets" time="0.168" /><testcase classname="tests.test_harness" name="test_collect_harness_cases_from_state_and_receipts" time="0.002" /><testcase classname="tests.test_harness" name="test_collect_harness_cases_excludes_failures_when_requested" time="0.001" /><testcase classname="tests.test_harness" name="test_evaluate_harness_dataset_with_baseline_comparison" time="0.001" /><testcase classname="tests.test_harness" name="test_harness_store_roundtrip" time="0.001" /><testcase classname="tests.test_harness" name="test_compute_aggregate_treats_errors_as_hard_fail" time="0.000" /><testcase classname="tests.test_harness" name="test_collect_harness_cases_respects_max_cases_per_task_and_appends_pinned" time="0.001" /><testcase classname="tests.test_harness" name="test_evaluate_harness_dataset_bucket_filter_and_breakdown" time="0.001" /><testcase classname="tests.test_health_endpoint" name="test_health_endpoint_returns_status_and_version" time="0.513" /><testcase classname="tests.test_interactive" name="test_format_task_list_basic" time="0.001" /><testcase classname="tests.test_interactive" name="test_format_task_list_empty" time="0.000" /><testcase classname="tests.test_interactive" name="test_format_task_list_filters_blocked_by_default" time="0.001" /><testcase classname="tests.test_interactive" name="test_format_task_list_shows_blocked_when_requested" time="0.000" /><testcase classname="tests.test_interactive" name="test_format_task_list_with_criteria" time="0.000" /><testcase classname="tests.test_interactive" name="test_format_task_list_limits_criteria_display" time="0.000" /><testcase classname="tests.test_interactive" name="test_filter_by_keyword_in_title" time="0.000" /><testcase classname="tests.test_interactive" name="test_filter_by_keyword_in_task_id" time="0.000" /><testcase classname="tests.test_interactive" name="test_filter_by_keyword_in_criteria" time="0.000" /><testcase classname="tests.test_interactive" name="test_filter_by_keyword_case_insensitive" time="0.000" /><testcase classname="tests.test_interactive" name="test_filter_by_keyword_empty_string" time="0.000" /><testcase classname="tests.test_interactive" name="test_filter_by_keyword_no_matches" time="0.000" /><testcase classname="tests.test_interactive" name="test_filter_by_keyword_multiple_matches" time="0.000" /><testcase classname="tests.test_interactive" name="test_select_task_interactive_empty_list" time="0.000" /><testcase classname="tests.test_interactive" name="test_select_task_interactive_single_task" time="0.000" /><testcase classname="tests.test_interactive" name="test_select_task_interactive_filters_blocked_by_default" time="0.001" /><testcase classname="tests.test_interactive" name="test_select_task_interactive_numeric_selection" time="0.000" /><testcase classname="tests.test_interactive" name="test_select_task_interactive_quit_command" time="0.000" /><testcase classname="tests.test_interactive" name="test_select_task_interactive_invalid_number" time="0.000" /><testcase classname="tests.test_interactive" name="test_select_task_interactive_search_command" time="0.000" /><testcase classname="tests.test_interactive" name="test_select_task_interactive_clear_filter" time="0.000" /><testcase classname="tests.test_interactive" name="test_select_task_interactive_show_details" time="0.000" /><testcase classname="tests.test_interactive" name="test_select_task_interactive_keyboard_interrupt" time="0.000" /><testcase classname="tests.test_interactive" name="test_select_task_interactive_eof" time="0.000" /><testcase classname="tests.test_interactive" name="test_select_task_interactive_no_unblocked_tasks" time="0.000" /><testcase classname="tests.test_interactive" name="test_select_task_interactive_show_blocked_flag" time="0.000" /><testcase classname="tests.test_interactive" name="test_convert_selected_task_to_choice_basic" time="0.000" /><testcase classname="tests.test_interactive" name="test_convert_selected_task_to_choice_with_params" time="0.000" 
[...]
ts" name="test_format_stats_report_basic" time="0.000" /><testcase classname="tests.test_stats" name="test_format_stats_report_with_tasks" time="0.000" /><testcase classname="tests.test_stats" name="test_format_stats_report_without_tasks" time="0.000" /><testcase classname="tests.test_stats" name="test_format_stats_report_empty" time="0.000" /><testcase classname="tests.test_stats" name="test_calculate_stats_gates_ok_none" time="0.000" /><testcase classname="tests.test_stats" name="test_calculate_stats_task_id_fallback" time="0.000" /><testcase classname="tests.test_stats" name="test_csv_export_task_sorting" time="0.002" /><testcase classname="tests.test_stats" name="test_calculate_stats_malformed_history_entries" time="0.000" /><testcase classname="tests.test_stats_integration" name="test_stats_with_realistic_state_data" time="0.002" /><testcase classname="tests.test_stats_integration" name="test_stats_with_minimal_state" time="0.002" /><testcase classname="tests.test_stats_integration" name="test_stats_handles_legacy_state_format" time="0.002" /><testcase classname="tests.test_stats_properties" name="test_property_5_statistical_calculation_correctness" time="0.010" /><testcase classname="tests.test_stats_properties" name="test_property_5_success_rate_calculation" time="0.024" /><testcase classname="tests.test_stats_properties" name="test_property_5_task_stats_aggregation" time="0.022" /><testcase classname="tests.test_stats_properties" name="test_property_6_duration_tracking_persistence" time="0.016" /><testcase classname="tests.test_stats_properties" name="test_property_6_missing_duration_defaults_to_zero" time="0.008" /><testcase classname="tests.test_stats_properties" name="test_property_7_csv_export_round_trip" time="0.030" /><testcase classname="tests.test_stats_properties" name="test_property_7_csv_task_data_preservation" time="0.026" /><testcase classname="tests.test_stats_properties" name="test_property_stats_calculation_is_deterministic" time="0.017" /><testcase classname="tests.test_stats_properties" name="test_property_empty_history_produces_zero_stats" time="0.001" /><testcase classname="tests.test_stats_properties" name="test_property_blocked_iterations_are_failures" time="0.010" /><testcase classname="tests.test_supervisor" name="test_supervise_complete_sends_notification" time="0.003" /><testcase classname="tests.test_supervisor" name="test_supervise_all_blocked_sends_notification" time="0.003" /><testcase classname="tests.test_supervisor" name="test_supervise_rate_limit_waits_then_completes" time="0.003" /><testcase classname="tests.test_supervisor" name="test_supervise_no_progress_stops" time="0.003" /><testcase classname="tests.test_templates" name="test_load_builtin_templates" time="0.000" /><testcase classname="tests.test_templates" name="test_load_custom_templates_no_directory" time="0.002" /><testcase classname="tests.test_templates" name="test_load_custom_templates_empty_directory" time="0.002" /><testcase classname="tests.test_templates" name="test_load_custom_templates_valid" time="0.002" /><testcase classname="tests.test_templates" name="test_load_custom_templates_with_defaults" time="0.002" /><testcase classname="tests.test_templates" name="test_load_custom_templates_missing_required_field" time="0.002" /><testcase classname="tests.test_templates" name="test_load_custom_templates_invalid_json" time="0.002" /><testcase classname="tests.test_templates" name="test_load_custom_templates_invalid_acceptance_criteria" time="0.002" /><testcase classname="tests.test_templates" name="test_load_custom_templates_multiple_files" time="0.002" /><testcase classname="tests.test_templates" name="test_substitute_variables_simple" time="0.000" /><testcase classname="tests.test_templates" name="test_substitute_variables_multiple" time="0.000" /><testcase classname="tests.test_templates" name="test_substitute_variables_no_variables" time="0.000" /><testcase classname="tests.test_templates" name="test_substitute_variables_unused_variables" time="0.000" /><testcase classname="tests.test_templates" name="test_substitute_variables_missing_variable" time="0.000" /><testcase classname="tests.test_templates" name="test_create_task_from_template_markdown" time="0.002" /><testcase classname="tests.test_templates" name="test_create_task_from_template_markdown_no_tasks_section" time="0.002" /><testcase classname="tests.test_templates" name="test_create_task_from_template_json" time="0.002" /><testcase classname="tests.test_templates" name="test_create_task_from_template_json_empty_stories" time="0.002" /><testcase classname="tests.test_templates" name="test_create_task_from_template_json_no_stories_key" time="0.002" /><testcase classname="tests.test_templates" name="test_create_task_missing_required_variables" time="0.000" /><testcase classname="tests.test_templates" name="test_create_task_unsupported_tracker" time="0.000" /><testcase classname="tests.test_templates" name="test_list_templates_builtin_only" time="0.002" /><testcase classname="tests.test_templates" name="test_list_templates_with_custom" time="0.002" /><testcase classname="tests.test_templates" name="test_list_templates_custom_overrides_builtin" time="0.002" /><testcase classname="tests.test_templates" name="test_list_templates_sorted_by_name" time="0.002" /><testcase classname="tests.test_templates" name="test_list_templates_handles_load_error" time="0.002" /><testcase classname="tests.test_templates" name="test_create_task_with_special_characters_in_title" time="0.002" /><testcase classname="tests.test_templates" name="test_create_task_with_empty_acceptance_criteria" time="0.002" /><testcase classname="tests.test_templates" name="test_markdown_task_id_increments_correctly" time="0.002" /><testcase classname="tests.test_templates" name="test_json_task_id_extracts_number_correctly" time="0.002" /><testcase classname="tests.test_templates" name="test_property_template_variable_substitution" time="0.080" /><testcase classname="tests.test_templates" name="test_property_variable_substitution_idempotent" time="0.056" /><testcase classname="tests.test_templates" name="test_property_template_format_validation_valid" time="0.062" /><testcase classname="tests.test_templates" name="test_property_template_json_roundtrip" time="0.056" /><testcase classname="tests.test_templates" name="test_property_template_validation_rejects_invalid" time="0.003" /><testcase classname="tests.test_templates" name="test_property_tracker_format_compatibility_json" time="0.043" /><testcase classname="tests.test_templates" name="test_property_tracker_format_compatibility_markdown" time="0.046" /><testcase classname="tests.test_templates" name="test_property_tracker_format_consistency" time="0.032" /><testcase classname="tests.test_tracker_dependencies" name="test_json_tracker_dependencies" time="0.000" /><testcase classname="tests.test_tracker_dependencies" name="test_markdown_tracker_dependencies" time="0.000" /><testcase classname="tests.test_tracker_dependencies" name="test_yaml_tracker_dependencies" time="0.001" /><testcase classname="tests.test_tracker_dependencies" name="test_backward_compatibility_no_depends_on" time="0.001" /><testcase classname="tests.test_tracker_dependencies" name="test_multiple_dependencies_all_formats" time="0.001" /><testcase classname="tests.test_tracker_dependencies" name="test_markdown_tracker_with_subsection_headings" time="0.000" /><testcase classname="tests.test_trackers_beads" name="test_beads_peek_does_not_claim" time="0.002" /><testcase classname="tests.test_trackers_beads" name="test_beads_claim_marks_in_progress" time="0.002" /><testcase classname="tests.test_trackers_beads" name="test_beads_lookup_helpers" time="0.002" /><testcase classname="tests.test_watch" name="test_matches_pattern_simple_wildcard" time="0.002" /><testcase classname="tests.test_watch" name="test_matches_pattern_recursive_wildcard" time="0.002" /><testcase classname="tests.test_watch" name="test_matches_pattern_multiple_patterns" time="0.002" /><testcase classname="tests.test_watch" name="test_matches_pattern_no_patterns" time="0.002" /><testcase classname="tests.test_watch" name="test_matches_pattern_specific_file" time="0.002" /><testcase classname="tests.test_watch" name="test_matches_pattern_directory_pattern" time="0.002" /><testcase classname="tests.test_watch" name="test_should_ignore_path_ralph_directory" time="0.002" /><testcase classname="tests.test_watch" name="test_should_ignore_path_git_directory" time="0.002" /><testcase classname="tests.test_watch" name="test_should_ignore_path_pycache" time="0.002" /><testcase classname="tests.test_watch" name="test_should_ignore_path_node_modules" time="0.002" /><testcase classname="tests.test_watch" name="test_should_ignore_path_venv" time="0.002" /><testcase classname="tests.test_watch" name="test_should_ignore_path_hidden_files" time="0.002" /><testcase classname="tests.test_watch" name="test_should_ignore_path_regular_files" time="0.002" /><testcase classname="tests.test_watch" name="test_should_ignore_path_outside_project" time="0.002" /><testcase classname="tests.test_watch" name="test_poll_for_changes_detects_new_file" time="0.107"><skipped type="pytest.xfail" message="Filesystem timestamp resolution on macOS APFS may be too coarse" /></testcase><testcase classname="tests.test_watch" name="test_poll_for_changes_detects_modified_file" time="0.108"><skipped type="pytest.xfail" message="Filesystem timestamp resolution on macOS APFS may be too coarse" /></testcase><testcase classname="tests.test_watch" name="test_poll_for_changes_ignores_old_files" time="0.210" /><testcase classname="tests.test_watch" name="test_poll_for_changes_respects_patterns" time="0.109"><skipped type="pytest.xfail" message="Filesystem timestamp resolution on macOS APFS may be too coarse" /></testcase><testcase classname="tests.test_watch" name="test_poll_for_changes_ignores_ralph_directory" time="0.110" /><testcase classname="tests.test_watch" name="test_poll_for_changes_handles_deleted_files" time="0.110" /><testcase classname="tests.test_watch" name="test_watch_files_uses_polling_when_watchdog_unavailable" time="0.005" /><testcase classname="tests.test_watch" name="test_watch_files_uses_watchdog_when_available" time="0.004" /><testcase classname="tests.test_watch" name="test_watch_state_tracks_pending_changes" time="0.000" /><testcase classname="tests.test_watch" name="test_debouncing_logic_waits_for_debounce_period" time="0.305" /><testcase classname="tests.test_watch" name="test_run_watch_mode_requires_enabled_config" time="0.004" /><testcase classname="tests.test_watch" name="test_run_watch_mode_calls_watch_files" time="0.004" /><testcase classname="tests.test_watch" name="test_run_watch_mode_gate_execution_on_change" time="0.083" /><testcase classname="tests.test_watch" name="test_auto_commit_when_gates_pass" time="0.072" /><testcase classname="tests.test_watch" name="test_no_auto_commit_when_gates_fail" time="0.072" /><testcase classname="tests.test_watch" name="test_auto_commit_with_no_changes" time="0.081"><skipped type="pytest.xfail" message="Mock call structure check needs adjustment" /></testcase><testcase classname="tests.test_watch" name="test_run_watch_mode_sets_signal_handler" time="0.003" /><testcase classname="tests.test_watch" name="test_poll_for_changes_with_permission_error" time="0.106" /><testcase classname="tests.test_watch" name="test_matches_pattern_with_absolute_path" time="0.004" /><testcase classname="tests.test_watch" name="test_watch_state_initial_values" time="0.000" /><testcase classname="tests.test_watch" name="test_poll_for_changes_empty_patterns" time="0.107" /><testcase classname="tests.test_watch" name="test_should_ignore_path_nested_ignored_directory" time="0.002" /><testcase classname="tests.test_watch" name="test_matches_pattern_case_sensitivity" time="0.002" /><testcase classname="tests.test_watch" name="test_watch_mode_full_cycle_simulation" time="0.090" /><testcase classname="tests.test_watch" name="test_multiple_file_changes_in_sequence" time="0.109"><skipped type="pytest.xfail" message="Filesystem timestamp resolution on macOS APFS may be too coarse" /></testcase><testcase classname="tests.test_watch" name="test_watch_mode_with_subdirectories" time="0.109"><skipped type="pytest.xfail" message="Filesystem timestamp resolution on macOS APFS may be too coarse" /></testcase><testcase classname="tests.test_watch" name="test_pattern_matching_with_mixed_extensions" time="0.003" /><testcase classname="tests.test_watch_properties" name="test_property_19_debouncing_single_execution" time="0.059" /><testcase classname="tests.test_watch_properties" name="test_property_19_rapid_changes_coalesced" time="0.041" /><testcase classname="tests.test_watch_properties" name="test_property_19_multiple_debounce_windows" time="0.060" /><testcase classname="tests.test_watch_properties" name="test_property_20_pattern_matching_correctness" time="0.060" /><testcase classname="tests.test_watch_properties" name="test_property_20_nested_path_matching" time="0.052" /><testcase classname="tests.test_watch_properties" name="test_property_20_empty_patterns_match_nothing" time="0.028" /><testcase classname="tests.test_watch_properties" name="test_property_20_non_recursive_patterns" time="0.054" /><testcase classname="tests.test_watch_properties" name="test_property_20_case_sensitivity" time="0.037" /><testcase classname="tests.test_watch_properties" name="test_property_20_multiple_files_independent" time="0.045" /><testcase classname="tests.test_watch_properties" name="test_property_20_wildcard_matches_all" time="0.057" /><testcase classname="tests.test_watch_properties" name="test_combined_debouncing_and_pattern_matching" time="0.058" /><testcase classname="tests.test_worktree" name="test_worktree_manager_init" time="0.089" /><testcase classname="tests.test_worktree" name="test_generate_branch_name" time="0.091" /><testcase classname="tests.test_worktree" name="test_generate_branch_name_sanitizes_special_chars" time="0.087" /><testcase classname="tests.test_worktree" name="test_create_worktree" time="0.141" /><testcase classname="tests.test_worktree" name="test_create_worktree_unique_paths" time="0.193" /><testcase classname="tests.test_worktree" name="test_remove_worktree" time="0.140" /><testcase classname="tests.test_worktree" name="test_remove_nonexistent_worktree" time="0.097" /><testcase classname="tests.test_worktree" name="test_list_worktrees_empty" time="0.094" /><testcase classname="tests.test_worktree" name="test_list_worktrees" time="0.207" /><testcase classname="tests.test_worktree" name="test_list_worktrees_filters_non_worker_dirs" time="0.145" /><testcase classname="tests.test_worktree" name="test_cleanup_stale_worktrees" time="0.149" /><testcase classname="tests.test_worktree" name="test_cleanup_stale_worktrees_preserves_active" time="0.153" /><testcase classname="tests.test_worktree" name="test_create_worktree_handles_existing_path" time="0.192" /><testcase classname="tests.test_worktree" name="test_worktree_creation_error" time="0.000" /><testcase classname="tests.test_worktree" name="test_worktree_removal_error" time="0.000" /><testcase classname="tests.test_worktree" name="test_create_worktree_git_failure" time="0.088" /><testcase classname="tests.test_worktree" name="test_remove_worktree_git_failure" time="0.138" /><testcase classname="tests.test_worktree" name="test_worktree_isolation" time="0.195" /><testcase classname="tests.test_yaml_tracker" name="test_yaml_tracker_load_valid" time="0.001" /><testcase classname="tests.test_yaml_tracker" name="test_yaml_tracker_invalid_version" time="0.000" /><testcase classname="tests.test_yaml_tracker" name="test_yaml_tracker_missing_tasks" time="0.000" /><testcase classname="tests.test_yaml_tracker" name="test_yaml_tracker_peek_next_task" time="0.001" /><testcase classname="tests.test_yaml_tracker" name="test_yaml_tracker_counts" time="0.001" /><testcase classname="tests.test_yaml_tracker" name="test_yaml_tracker_all_done" time="0.000" /><testcase classname="tests.test_yaml_tracker" name="test_yaml_tracker_is_task_done" time="0.000" /><testcase classname="tests.test_yaml_tracker" name="test_yaml_tracker_parallel_groups" time="0.001" /><testcase classname="tests.test_yaml_tracker" name="test_yaml_tracker_force_task_open" time="0.001" /><testcase classname="tests.test_yaml_tracker" name="test_yaml_tracker_branch_name" time="0.000" /><testcase classname="tests.test_yaml_tracker" name="test_yaml_tracker_get_task_by_id_and_status" time="0.001" /><testcase classname="tests.test_yaml_tracker" name="test_yaml_tracker_acceptance_criteria" time="0.000" /><testcase classname="tests.test_yaml_tracker" name="test_yaml_tracker_file_not_found" time="0.000" /><testcase classname="tests.test_yaml_tracker" name="test_yaml_tracker_invalid_yaml_syntax" time="0.000" /><testcase classname="tests.test_yaml_tracker" name="test_yaml_tracker_non_dict_root" time="0.000" /><testcase classname="tests.test_yaml_tracker" name="test_yaml_tracker_tasks_not_list" time="0.000" /><testcase classname="tests.test_yaml_tracker" name="test_yaml_tracker_task_not_dict" time="0.000" /><testcase classname="tests.test_yaml_tracker" name="test_yaml_tracker_task_missing_id" time="0.000" /><testcase classname="tests.test_yaml_tracker" name="test_yaml_tracker_task_missing_title" time="0.000" /><testcase classname="tests.test_yaml_tracker" name="test_yaml_tracker_empty_tasks" time="0.000" /><testcase classname="tests.test_yaml_tracker" name="test_yaml_tracker_all_tasks_completed" time="0.000" /><testcase classname="tests.test_yaml_tracker" name="test_yaml_tracker_claim_same_as_peek" time="0.000" /><testcase classname="tests.test_yaml_tracker" name="test_yaml_tracker_force_task_open_nonexistent" time="0.000" /><testcase classname="tests.test_yaml_tracker" name="test_yaml_tracker_branch_name_no_metadata" time="0.000" /><testcase classname="tests.test_yaml_tracker" name="test_yaml_tracker_branch_name_no_branch_field" time="0.000" /><testcase classname="tests.test_yaml_tracker" name="test_yaml_tracker_task_without_acceptance" time="0.000" /><testcase classname="tests.test_yaml_tracker" name="test_yaml_tracker_acceptance_not_list" time="0.000" /><testcase classname="tests.test_yaml_tracker" name="test_yaml_tracker_duplicate_task_ids" time="0.000" /><testcase classname="tests.test_yaml_tracker" name="test_yaml_tracker_parallel_groups_empty_when_all_completed" time="0.000" /><testcase classname="tests.test_yaml_tracker" name="test_yaml_tracker_counts_with_missing_completed_field" time="0.000" /><testcase classname="tests.test_yaml_tracker" name="test_yaml_tracker_all_done_with_missing_completed_field" time="0.000" /><testcase classname="tests.test_yaml_tracker" name="test_yaml_tracker_numeric_task_ids" time="0.000" /><testcase classname="tests.test_yaml_tracker" name="test_yaml_tracker_metadata_not_dict" time="0.000" /><testcase classname="tests.test_yaml_tracker" name="test_yaml_tracker_depends_on_field" time="0.000" /><testcase classname="tests.test_yaml_tracker" name="test_yaml_tracker_depends_on_backward_compatible" time="0.000" /><testcase classname="tests.test_yaml_tracker" name="test_yaml_tracker_depends_on_blocks_task" time="0.001" /><testcase classname="tests.test_yaml_tracker" name="test_yaml_tracker_depends_on_multiple_dependencies" time="0.001" /><testcase classname="tests.test_yaml_tracker" name="test_yaml_tracker_depends_on_invalid_type" time="0.000" /><testcase classname="tests.test_yaml_tracker" name="test_yaml_tracker_depends_on_with_exclude" time="0.001" /><testcase classname="tests.test_yaml_tracker" name="test_yaml_tracker_depends_on_nonexistent_dependency" time="0.000" /><testcase classname="tests.test_yaml_tracker" name="test_yaml_tracker_depends_on_blocked_task" time="0.001" /><testcase classname="tests.test_yaml_tracker" name="test_yaml_tracker_depends_on_numeric_ids" time="0.004" /></testsuite></testsuites>